Using pre-set license
Built from '2021.3/staging' branch; Version is '2021.3.13f1 (9e7d58001ecf) revision 10386776'; Using compiler version '192829333'; Build Type 'Release'
OS: 'Windows 10  (10.0.19045) 64bit Professional' Language: 'ru' Physical Memory: 16332 MB
BatchMode: 1, IsHumanControllingUs: 0, StartBugReporterOnCrash: 0, Is64bit: 1, IsPro: 1

COMMAND LINE ARGUMENTS:
D:\2021.3.13f1\Editor\Unity.exe
-adb2
-batchMode
-noUpm
-name
AssetImportWorker1
-projectPath
D:/Unity/game-jam-project/Game Jam Project
-logFile
Logs/AssetImportWorker1.log
-srvPort
52617
Successfully changed project path to: D:/Unity/game-jam-project/Game Jam Project
D:/Unity/game-jam-project/Game Jam Project
[UnityMemory] Configuration Parameters - Can be set up in boot.config
    "memorysetup-bucket-allocator-granularity=16"
    "memorysetup-bucket-allocator-bucket-count=8"
    "memorysetup-bucket-allocator-block-size=33554432"
    "memorysetup-bucket-allocator-block-count=8"
    "memorysetup-main-allocator-block-size=16777216"
    "memorysetup-thread-allocator-block-size=16777216"
    "memorysetup-gfx-main-allocator-block-size=16777216"
    "memorysetup-gfx-thread-allocator-block-size=16777216"
    "memorysetup-cache-allocator-block-size=4194304"
    "memorysetup-typetree-allocator-block-size=2097152"
    "memorysetup-profiler-bucket-allocator-granularity=16"
    "memorysetup-profiler-bucket-allocator-bucket-count=8"
    "memorysetup-profiler-bucket-allocator-block-size=33554432"
    "memorysetup-profiler-bucket-allocator-block-count=8"
    "memorysetup-profiler-allocator-block-size=16777216"
    "memorysetup-profiler-editor-allocator-block-size=1048576"
    "memorysetup-temp-allocator-size-main=16777216"
    "memorysetup-job-temp-allocator-block-size=2097152"
    "memorysetup-job-temp-allocator-block-size-background=1048576"
    "memorysetup-job-temp-allocator-reduction-small-platforms=262144"
    "memorysetup-temp-allocator-size-background-worker=32768"
    "memorysetup-temp-allocator-size-job-worker=262144"
    "memorysetup-temp-allocator-size-preload-manager=33554432"
    "memorysetup-temp-allocator-size-nav-mesh-worker=65536"
    "memorysetup-temp-allocator-size-audio-worker=65536"
    "memorysetup-temp-allocator-size-cloud-worker=32768"
    "memorysetup-temp-allocator-size-gi-baking-worker=262144"
    "memorysetup-temp-allocator-size-gfx=262144"
Refreshing native plugins compatible for Editor in 88.10 ms, found 4 plugins.
Preloading 0 native plugins for Editor in 0.00 ms.
Initialize engine version: 2021.3.13f1 (9e7d58001ecf)
[Subsystems] Discovering subsystems at path D:/2021.3.13f1/Editor/Data/Resources/UnitySubsystems
[Subsystems] Discovering subsystems at path D:/Unity/game-jam-project/Game Jam Project/Assets
GfxDevice: creating device client; threaded=0; jobified=0
Direct3D:
    Version:  Direct3D 11.0 [level 11.1]
    Renderer: NVIDIA GeForce RTX 2060 (ID=0x1f08)
    Vendor:   NVIDIA
    VRAM:     5968 MB
    Driver:   31.0.15.3742
Initialize mono
Mono path[0] = 'D:/2021.3.13f1/Editor/Data/Managed'
Mono path[1] = 'D:/2021.3.13f1/Editor/Data/MonoBleedingEdge/lib/mono/unityjit-win32'
Mono config path = 'D:/2021.3.13f1/Editor/Data/MonoBleedingEdge/etc'
Using monoOptions --debugger-agent=transport=dt_socket,embedding=1,server=y,suspend=n,address=127.0.0.1:56108
Begin MonoManager ReloadAssembly
Registering precompiled unity dll's ...
Register platform support module: D:/2021.3.13f1/Editor/Data/PlaybackEngines/WindowsStandaloneSupport/UnityEditor.WindowsStandalone.Extensions.dll
Registered in 0.003523 seconds.
Native extension for WindowsStandalone target not found
Refreshing native plugins compatible for Editor in 83.96 ms, found 4 plugins.
Preloading 0 native plugins for Editor in 0.00 ms.
Mono: successfully reloaded assembly
- Completed reload, in  0.574 seconds
Domain Reload Profiling:
	ReloadAssembly (574ms)
		BeginReloadAssembly (67ms)
			ExecutionOrderSort (0ms)
			DisableScriptedObjects (0ms)
			BackupInstance (0ms)
			ReleaseScriptingObjects (0ms)
			CreateAndSetChildDomain (1ms)
		EndReloadAssembly (404ms)
			LoadAssemblies (65ms)
			RebuildTransferFunctionScriptingTraits (0ms)
			SetupTypeCache (99ms)
			ReleaseScriptCaches (0ms)
			RebuildScriptCaches (24ms)
			SetupLoadedEditorAssemblies (235ms)
				LogAssemblyErrors (0ms)
				InitializePlatformSupportModulesInManaged (6ms)
				SetLoadedEditorAssemblies (0ms)
				RefreshPlugins (84ms)
				BeforeProcessingInitializeOnLoad (1ms)
				ProcessInitializeOnLoadAttributes (104ms)
				ProcessInitializeOnLoadMethodAttributes (40ms)
				AfterProcessingInitializeOnLoad (0ms)
				EditorAssembliesLoaded (0ms)
			ExecutionOrderSort2 (0ms)
			AwakeInstancesAfterBackupRestoration (0ms)
Platform modules already initialized, skipping
Registering precompiled user dll's ...
Registered in 0.009621 seconds.
Begin MonoManager ReloadAssembly
Symbol file LoadedFromMemory doesn't match image D:\Unity\game-jam-project\Game Jam Project\Library\PackageCache\com.unity.visualscripting@1.7.8\Editor\VisualScripting.Core\Dependencies\YamlDotNet\Unity.VisualScripting.YamlDotNet.dll
Symbol file LoadedFromMemory doesn't match image D:\Unity\game-jam-project\Game Jam Project\Library\PackageCache\com.unity.visualscripting@1.7.8\Editor\VisualScripting.Core\Dependencies\DotNetZip\Unity.VisualScripting.IonicZip.dll
Native extension for WindowsStandalone target not found
Refreshing native plugins compatible for Editor in 83.84 ms, found 4 plugins.
Preloading 0 native plugins for Editor in 0.00 ms.
Mono: successfully reloaded assembly
- Completed reload, in  1.087 seconds
Domain Reload Profiling:
	ReloadAssembly (1088ms)
		BeginReloadAssembly (109ms)
			ExecutionOrderSort (0ms)
			DisableScriptedObjects (5ms)
			BackupInstance (0ms)
			ReleaseScriptingObjects (0ms)
			CreateAndSetChildDomain (20ms)
		EndReloadAssembly (876ms)
			LoadAssemblies (83ms)
			RebuildTransferFunctionScriptingTraits (0ms)
			SetupTypeCache (239ms)
			ReleaseScriptCaches (1ms)
			RebuildScriptCaches (65ms)
			SetupLoadedEditorAssemblies (437ms)
				LogAssemblyErrors (0ms)
				InitializePlatformSupportModulesInManaged (3ms)
				SetLoadedEditorAssemblies (0ms)
				RefreshPlugins (84ms)
				BeforeProcessingInitializeOnLoad (93ms)
				ProcessInitializeOnLoadAttributes (209ms)
				ProcessInitializeOnLoadMethodAttributes (41ms)
				AfterProcessingInitializeOnLoad (6ms)
				EditorAssembliesLoaded (0ms)
			ExecutionOrderSort2 (0ms)
			AwakeInstancesAfterBackupRestoration (7ms)
Platform modules already initialized, skipping
========================================================================
Worker process is ready to serve import requests
Launched and connected shader compiler UnityShaderCompiler.exe after 0.06 seconds
Refreshing native plugins compatible for Editor in 1.22 ms, found 4 plugins.
Preloading 0 native plugins for Editor in 0.00 ms.
Unloading 4080 Unused Serialized files (Serialized files now loaded: 0)
Unloading 46 unused Assets / (203.6 KB). Loaded Objects now: 4558.
Memory consumption went from 171.2 MB to 171.0 MB.
Total: 5.294600 ms (FindLiveObjects: 0.718100 ms CreateObjectMapping: 0.118500 ms MarkObjects: 4.233400 ms  DeleteObjects: 0.222300 ms)

AssetImportParameters requested are different than current active one (requested -> active):
  custom:video-decoder-ogg-theora: a1e56fd34408186e4bbccfd4996cb3dc -> 
  custom:container-muxer-webm: aa71ff27fc2769a1b78a27578f13a17b -> 
  custom:container-demuxer-webm: 4f35f7cbe854078d1ac9338744f61a02 -> 
  custom:video-encoder-webm-vp8: eb34c28f22e8b96e1ab97ce403110664 -> 
  custom:audio-encoder-webm-vorbis: bf7c407c2cedff20999df2af8eb42d56 -> 
  custom:framework-win-MediaFoundation: 216162199b28c13a410421893ffa2e32 -> 
  custom:container-demuxer-ogg: 62fdf1f143b41e24485cea50d1cbac27 -> 
  custom:video-decoder-webm-vp8: 9c59270c3fd7afecdb556c50c9e8de78 -> 
  custom:audio-decoder-ogg-vorbis: bf7c407c2cedff20999df2af8eb42d56 -> 
========================================================================
Received Import Request.
  Time since last request: 89487.061318 seconds.
  path: Assets/Fire/Fire_wall_animation-2.png
  artifactKey: Guid(2a20d977584f0b643b10a6b9501ec70c) Importer(815301076,1909f56bfc062723c751e8b465ee728b)
Start importing Assets/Fire/Fire_wall_animation-2.png using Guid(2a20d977584f0b643b10a6b9501ec70c) Importer(815301076,1909f56bfc062723c751e8b465ee728b)  -> (artifact id: 'f11795df535570ca13600b174dfa7342') in 0.421024 seconds 
========================================================================
Received Import Request.
  Time since last request: 0.000023 seconds.
  path: Assets/Fire/Fire_wall_animation-29.png
  artifactKey: Guid(817b56278a67b1d439b9c3b49cd6f39e) Importer(815301076,1909f56bfc062723c751e8b465ee728b)
Start importing Assets/Fire/Fire_wall_animation-29.png using Guid(817b56278a67b1d439b9c3b49cd6f39e) Importer(815301076,1909f56bfc062723c751e8b465ee728b)  -> (artifact id: 'fa8e50af19b93700dda5f3eabec2cd8f') in 0.150933 seconds 
========================================================================
Received Import Request.
  Time since last request: 0.000041 seconds.
  path: Assets/Fire/Fire_wall_animation-25.png
  artifactKey: Guid(63785a71e34aa954593286cb2f30db8b) Importer(815301076,1909f56bfc062723c751e8b465ee728b)
Start importing Assets/Fire/Fire_wall_animation-25.png using Guid(63785a71e34aa954593286cb2f30db8b) Importer(815301076,1909f56bfc062723c751e8b465ee728b)  -> (artifact id: 'f75b4552cd01791ddd43fe86101b3a59') in 0.154401 seconds 
========================================================================
Received Import Request.
  Time since last request: 0.000025 seconds.
  path: Assets/Fire/Fire_wall_animation-10.png
  artifactKey: Guid(91ae1c05c4d58da49bee00ec30f48c45) Importer(815301076,1909f56bfc062723c751e8b465ee728b)
Start importing Assets/Fire/Fire_wall_animation-10.png using Guid(91ae1c05c4d58da49bee00ec30f48c45) Importer(815301076,1909f56bfc062723c751e8b465ee728b)  -> (artifact id: 'a877a30a44f08a1a5dcec882304c6989') in 0.162624 seconds 
========================================================================
Received Import Request.
  Time since last request: 0.000023 seconds.
  path: Assets/Fire/Fire_wall_animation-3.png
  artifactKey: Guid(2597bc4e65842064e9caa5335ecb54a7) Importer(815301076,1909f56bfc062723c751e8b465ee728b)
Start importing Assets/Fire/Fire_wall_animation-3.png using Guid(2597bc4e65842064e9caa5335ecb54a7) Importer(815301076,1909f56bfc062723c751e8b465ee728b)  -> (artifact id: '209bee45b3a191e3887697ad33450415') in 0.143974 seconds 
========================================================================
Received Import Request.
  Time since last request: 0.000033 seconds.
  path: Assets/Fire/Fire_wall_animation-24.png
  artifactKey: Guid(ec206bb9d603bb4459775e6315c258f6) Importer(815301076,1909f56bfc062723c751e8b465ee728b)
Start importing Assets/Fire/Fire_wall_animation-24.png using Guid(ec206bb9d603bb4459775e6315c258f6) Importer(815301076,1909f56bfc062723c751e8b465ee728b)  -> (artifact id: '01101b7bab4091649ba589bffd9d59c9') in 0.131708 seconds 
========================================================================
Received Import Request.
  Time since last request: 0.000019 seconds.
  path: Assets/Fire/Fire_wall_animation-21.png
  artifactKey: Guid(8bdf024954a61dc44887681d6d7ef9f4) Importer(815301076,1909f56bfc062723c751e8b465ee728b)
Start importing Assets/Fire/Fire_wall_animation-21.png using Guid(8bdf024954a61dc44887681d6d7ef9f4) Importer(815301076,1909f56bfc062723c751e8b465ee728b)  -> (artifact id: '2c68e7d9a94c54b880fc19400f1622ff') in 0.135694 seconds 
========================================================================
Received Import Request.
  Time since last request: 0.000033 seconds.
  path: Assets/Fire/Fire_wall_animation-6.png
  artifactKey: Guid(dfd50c84806388f4a8a630dec3d27dc5) Importer(815301076,1909f56bfc062723c751e8b465ee728b)
Start importing Assets/Fire/Fire_wall_animation-6.png using Guid(dfd50c84806388f4a8a630dec3d27dc5) Importer(815301076,1909f56bfc062723c751e8b465ee728b)  -> (artifact id: '78c3de8633209a19cd5b7b6d8d01bda2') in 0.136249 seconds 
========================================================================
Received Import Request.
  Time since last request: 0.000034 seconds.
  path: Assets/Fire/Fire_wall_animation-22.png
  artifactKey: Guid(081278452cd833546af56f55a19ecf2a) Importer(815301076,1909f56bfc062723c751e8b465ee728b)
Start importing Assets/Fire/Fire_wall_animation-22.png using Guid(081278452cd833546af56f55a19ecf2a) Importer(815301076,1909f56bfc062723c751e8b465ee728b)  -> (artifact id: '1f43a5ef7a05b79b7dee8ba46a72bfac') in 0.128617 seconds 
========================================================================
Received Import Request.
  Time since last request: 0.000066 seconds.
  path: Assets/Fire/Fire_wall_animation-27.png
  artifactKey: Guid(7ecc7c774609f624b981f2bdd4d88748) Importer(815301076,1909f56bfc062723c751e8b465ee728b)
Start importing Assets/Fire/Fire_wall_animation-27.png using Guid(7ecc7c774609f624b981f2bdd4d88748) Importer(815301076,1909f56bfc062723c751e8b465ee728b)  -> (artifact id: 'd987434290c8dacf855cfa0108274d1b') in 0.143033 seconds 
========================================================================
Received Import Request.
  Time since last request: 0.000107 seconds.
  path: Assets/Fire/Fire_wall_animation-14.png
  artifactKey: Guid(9a6ca7f1ddf92e84bafe65c294a3bdc5) Importer(815301076,1909f56bfc062723c751e8b465ee728b)
Start importing Assets/Fire/Fire_wall_animation-14.png using Guid(9a6ca7f1ddf92e84bafe65c294a3bdc5) Importer(815301076,1909f56bfc062723c751e8b465ee728b)  -> (artifact id: 'e29c437794f315298f1aa582c83fddaa') in 0.130696 seconds 
========================================================================
Received Import Request.
  Time since last request: 5.344941 seconds.
  path: Assets/Fire/Fire_wall_animation-36.png
  artifactKey: Guid(7d5992d48535b964c95a77dcf09b4534) Importer(815301076,1909f56bfc062723c751e8b465ee728b)
Start importing Assets/Fire/Fire_wall_animation-36.png using Guid(7d5992d48535b964c95a77dcf09b4534) Importer(815301076,1909f56bfc062723c751e8b465ee728b)  -> (artifact id: 'faeb7e1f2d301a1a872af884482e62be') in 0.155111 seconds 
========================================================================
Received Import Request.
  Time since last request: 0.000021 seconds.
  path: Assets/Fire/Fire_wall_animation-38.png
  artifactKey: Guid(731059b3eb4a8044b910aa73b410710d) Importer(815301076,1909f56bfc062723c751e8b465ee728b)
Start importing Assets/Fire/Fire_wall_animation-38.png using Guid(731059b3eb4a8044b910aa73b410710d) Importer(815301076,1909f56bfc062723c751e8b465ee728b)  -> (artifact id: 'a733bd471d94b114e8476459c6430de4') in 0.165099 seconds 
Editor requested this worker to shutdown with reason: Scaling down because of idle timeout
AssetImportWorker is now disconnected from the server
Process exiting
Exiting without the bug reporter. Application will terminate with return code 0