Using pre-set license
Built from '2021.3/staging' branch; Version is '2021.3.13f1 (9e7d58001ecf) revision 10386776'; Using compiler version '192829333'; Build Type 'Release'
OS: 'Windows 10  (10.0.19045) 64bit Professional' Language: 'ru' Physical Memory: 16332 MB
BatchMode: 1, IsHumanControllingUs: 0, StartBugReporterOnCrash: 0, Is64bit: 1, IsPro: 1

COMMAND LINE ARGUMENTS:
D:\2021.3.13f1\Editor\Unity.exe
-adb2
-batchMode
-noUpm
-name
AssetImportWorker6
-projectPath
D:/Unity/game-jam-project/Game Jam Project
-logFile
Logs/AssetImportWorker6.log
-srvPort
50104
Successfully changed project path to: D:/Unity/game-jam-project/Game Jam Project
D:/Unity/game-jam-project/Game Jam Project
[UnityMemory] Configuration Parameters - Can be set up in boot.config
    "memorysetup-bucket-allocator-granularity=16"
    "memorysetup-bucket-allocator-bucket-count=8"
    "memorysetup-bucket-allocator-block-size=33554432"
    "memorysetup-bucket-allocator-block-count=8"
    "memorysetup-main-allocator-block-size=16777216"
    "memorysetup-thread-allocator-block-size=16777216"
    "memorysetup-gfx-main-allocator-block-size=16777216"
    "memorysetup-gfx-thread-allocator-block-size=16777216"
    "memorysetup-cache-allocator-block-size=4194304"
    "memorysetup-typetree-allocator-block-size=2097152"
    "memorysetup-profiler-bucket-allocator-granularity=16"
    "memorysetup-profiler-bucket-allocator-bucket-count=8"
    "memorysetup-profiler-bucket-allocator-block-size=33554432"
    "memorysetup-profiler-bucket-allocator-block-count=8"
    "memorysetup-profiler-allocator-block-size=16777216"
    "memorysetup-profiler-editor-allocator-block-size=1048576"
    "memorysetup-temp-allocator-size-main=16777216"
    "memorysetup-job-temp-allocator-block-size=2097152"
    "memorysetup-job-temp-allocator-block-size-background=1048576"
    "memorysetup-job-temp-allocator-reduction-small-platforms=262144"
    "memorysetup-temp-allocator-size-background-worker=32768"
    "memorysetup-temp-allocator-size-job-worker=262144"
    "memorysetup-temp-allocator-size-preload-manager=33554432"
    "memorysetup-temp-allocator-size-nav-mesh-worker=65536"
    "memorysetup-temp-allocator-size-audio-worker=65536"
    "memorysetup-temp-allocator-size-cloud-worker=32768"
    "memorysetup-temp-allocator-size-gi-baking-worker=262144"
    "memorysetup-temp-allocator-size-gfx=262144"
Refreshing native plugins compatible for Editor in 114.32 ms, found 4 plugins.
Preloading 0 native plugins for Editor in 0.00 ms.
Initialize engine version: 2021.3.13f1 (9e7d58001ecf)
[Subsystems] Discovering subsystems at path D:/2021.3.13f1/Editor/Data/Resources/UnitySubsystems
[Subsystems] Discovering subsystems at path D:/Unity/game-jam-project/Game Jam Project/Assets
GfxDevice: creating device client; threaded=0; jobified=0
Direct3D:
    Version:  Direct3D 11.0 [level 11.1]
    Renderer: NVIDIA GeForce RTX 2060 (ID=0x1f08)
    Vendor:   NVIDIA
    VRAM:     5968 MB
    Driver:   31.0.15.3742
Initialize mono
Mono path[0] = 'D:/2021.3.13f1/Editor/Data/Managed'
Mono path[1] = 'D:/2021.3.13f1/Editor/Data/MonoBleedingEdge/lib/mono/unityjit-win32'
Mono config path = 'D:/2021.3.13f1/Editor/Data/MonoBleedingEdge/etc'
Using monoOptions --debugger-agent=transport=dt_socket,embedding=1,server=y,suspend=n,address=127.0.0.1:56920
Begin MonoManager ReloadAssembly
Registering precompiled unity dll's ...
Register platform support module: D:/2021.3.13f1/Editor/Data/PlaybackEngines/WindowsStandaloneSupport/UnityEditor.WindowsStandalone.Extensions.dll
Registered in 0.002855 seconds.
Native extension for WindowsStandalone target not found
Refreshing native plugins compatible for Editor in 84.47 ms, found 4 plugins.
Preloading 0 native plugins for Editor in 0.00 ms.
Mono: successfully reloaded assembly
- Completed reload, in  0.565 seconds
Domain Reload Profiling:
	ReloadAssembly (565ms)
		BeginReloadAssembly (62ms)
			ExecutionOrderSort (0ms)
			DisableScriptedObjects (0ms)
			BackupInstance (0ms)
			ReleaseScriptingObjects (0ms)
			CreateAndSetChildDomain (1ms)
		EndReloadAssembly (410ms)
			LoadAssemblies (60ms)
			RebuildTransferFunctionScriptingTraits (0ms)
			SetupTypeCache (86ms)
			ReleaseScriptCaches (0ms)
			RebuildScriptCaches (23ms)
			SetupLoadedEditorAssemblies (258ms)
				LogAssemblyErrors (0ms)
				InitializePlatformSupportModulesInManaged (6ms)
				SetLoadedEditorAssemblies (0ms)
				RefreshPlugins (85ms)
				BeforeProcessingInitializeOnLoad (1ms)
				ProcessInitializeOnLoadAttributes (107ms)
				ProcessInitializeOnLoadMethodAttributes (59ms)
				AfterProcessingInitializeOnLoad (0ms)
				EditorAssembliesLoaded (0ms)
			ExecutionOrderSort2 (0ms)
			AwakeInstancesAfterBackupRestoration (0ms)
Platform modules already initialized, skipping
Registering precompiled user dll's ...
Registered in 0.009152 seconds.
Begin MonoManager ReloadAssembly
Symbol file LoadedFromMemory doesn't match image D:\Unity\game-jam-project\Game Jam Project\Library\PackageCache\com.unity.visualscripting@1.7.8\Editor\VisualScripting.Core\Dependencies\YamlDotNet\Unity.VisualScripting.YamlDotNet.dll
Symbol file LoadedFromMemory doesn't match image D:\Unity\game-jam-project\Game Jam Project\Library\PackageCache\com.unity.visualscripting@1.7.8\Editor\VisualScripting.Core\Dependencies\DotNetZip\Unity.VisualScripting.IonicZip.dll
Native extension for WindowsStandalone target not found
Refreshing native plugins compatible for Editor in 83.94 ms, found 4 plugins.
Preloading 0 native plugins for Editor in 0.00 ms.
Mono: successfully reloaded assembly
- Completed reload, in  2.953 seconds
Domain Reload Profiling:
	ReloadAssembly (2953ms)
		BeginReloadAssembly (1995ms)
			ExecutionOrderSort (0ms)
			DisableScriptedObjects (5ms)
			BackupInstance (0ms)
			ReleaseScriptingObjects (0ms)
			CreateAndSetChildDomain (18ms)
		EndReloadAssembly (857ms)
			LoadAssemblies (1976ms)
			RebuildTransferFunctionScriptingTraits (0ms)
			SetupTypeCache (212ms)
			ReleaseScriptCaches (1ms)
			RebuildScriptCaches (61ms)
			SetupLoadedEditorAssemblies (460ms)
				LogAssemblyErrors (0ms)
				InitializePlatformSupportModulesInManaged (3ms)
				SetLoadedEditorAssemblies (0ms)
				RefreshPlugins (84ms)
				BeforeProcessingInitializeOnLoad (85ms)
				ProcessInitializeOnLoadAttributes (197ms)
				ProcessInitializeOnLoadMethodAttributes (85ms)
				AfterProcessingInitializeOnLoad (5ms)
				EditorAssembliesLoaded (0ms)
			ExecutionOrderSort2 (0ms)
			AwakeInstancesAfterBackupRestoration (6ms)
Platform modules already initialized, skipping
========================================================================
Worker process is ready to serve import requests
Launched and connected shader compiler UnityShaderCompiler.exe after 0.12 seconds
Refreshing native plugins compatible for Editor in 0.89 ms, found 4 plugins.
Preloading 0 native plugins for Editor in 0.00 ms.
Unloading 4081 Unused Serialized files (Serialized files now loaded: 0)
Unloading 46 unused Assets / (203.7 KB). Loaded Objects now: 4559.
Memory consumption went from 171.2 MB to 171.0 MB.
Total: 3.242400 ms (FindLiveObjects: 0.364600 ms CreateObjectMapping: 0.107800 ms MarkObjects: 2.614100 ms  DeleteObjects: 0.155000 ms)

AssetImportParameters requested are different than current active one (requested -> active):
  custom:video-decoder-ogg-theora: a1e56fd34408186e4bbccfd4996cb3dc -> 
  custom:container-muxer-webm: aa71ff27fc2769a1b78a27578f13a17b -> 
  custom:container-demuxer-webm: 4f35f7cbe854078d1ac9338744f61a02 -> 
  custom:video-encoder-webm-vp8: eb34c28f22e8b96e1ab97ce403110664 -> 
  custom:audio-encoder-webm-vorbis: bf7c407c2cedff20999df2af8eb42d56 -> 
  custom:framework-win-MediaFoundation: 216162199b28c13a410421893ffa2e32 -> 
  custom:container-demuxer-ogg: 62fdf1f143b41e24485cea50d1cbac27 -> 
  custom:video-decoder-webm-vp8: 9c59270c3fd7afecdb556c50c9e8de78 -> 
  custom:audio-decoder-ogg-vorbis: bf7c407c2cedff20999df2af8eb42d56 -> 
========================================================================
Received Import Request.
  Time since last request: 362353.814216 seconds.
  path: Assets/Victor/States/ElementStates/FireState/Attack/Victor_Fire_Attack_Animation_9.png
  artifactKey: Guid(45ba5fd91400bad478ee228675bf5e5d) Importer(815301076,1909f56bfc062723c751e8b465ee728b)
Start importing Assets/Victor/States/ElementStates/FireState/Attack/Victor_Fire_Attack_Animation_9.png using Guid(45ba5fd91400bad478ee228675bf5e5d) Importer(815301076,1909f56bfc062723c751e8b465ee728b)  -> (artifact id: 'c9ae88147493ac9a1fb34619ae59739b') in 0.371368 seconds 
========================================================================
Received Import Request.
  Time since last request: 0.000030 seconds.
  path: Assets/Victor/States/ElementStates/FireState/Attack/Victor_Fire_Attack_Animation_19.png
  artifactKey: Guid(9b1cf36c674aa284a8bfb8374142a10b) Importer(815301076,1909f56bfc062723c751e8b465ee728b)
Start importing Assets/Victor/States/ElementStates/FireState/Attack/Victor_Fire_Attack_Animation_19.png using Guid(9b1cf36c674aa284a8bfb8374142a10b) Importer(815301076,1909f56bfc062723c751e8b465ee728b)  -> (artifact id: '192890240972c6cb540a36d924af94f9') in 0.169963 seconds 
========================================================================
Received Import Request.
  Time since last request: 0.000042 seconds.
  path: Assets/Victor/States/ElementStates/FireState/Attack/Victor_Fire_Attack_Animation_18.png
  artifactKey: Guid(33e92821a803d664b87a892236ef0745) Importer(815301076,1909f56bfc062723c751e8b465ee728b)
Start importing Assets/Victor/States/ElementStates/FireState/Attack/Victor_Fire_Attack_Animation_18.png using Guid(33e92821a803d664b87a892236ef0745) Importer(815301076,1909f56bfc062723c751e8b465ee728b)  -> (artifact id: '29d910318503a8ec50faa8e37ef89a69') in 0.156906 seconds 
========================================================================
Received Import Request.
  Time since last request: 20.285039 seconds.
  path: Assets/Victor/States/ElementStates/FireState/Attack/Victor_Fire_Attack_Animation_6.png
  artifactKey: Guid(9366d9ef0d2a24243bad3556e33e2063) Importer(815301076,1909f56bfc062723c751e8b465ee728b)
Start importing Assets/Victor/States/ElementStates/FireState/Attack/Victor_Fire_Attack_Animation_6.png using Guid(9366d9ef0d2a24243bad3556e33e2063) Importer(815301076,1909f56bfc062723c751e8b465ee728b)  -> (artifact id: '99383b68d558e1bed2e510fbae708563') in 0.176922 seconds 
========================================================================
Received Import Request.
  Time since last request: 0.000033 seconds.
  path: Assets/Victor/States/ElementStates/FireState/Attack/Victor_Fire_Attack_Animation_7.png
  artifactKey: Guid(b559397bd91b2ba4389b2ebc765c4be9) Importer(815301076,1909f56bfc062723c751e8b465ee728b)
Start importing Assets/Victor/States/ElementStates/FireState/Attack/Victor_Fire_Attack_Animation_7.png using Guid(b559397bd91b2ba4389b2ebc765c4be9) Importer(815301076,1909f56bfc062723c751e8b465ee728b)  -> (artifact id: '7c29e7fdbb9a68dfef72371dc245e347') in 0.172065 seconds 
========================================================================
Received Prepare
Registering precompiled user dll's ...
Registered in 0.007263 seconds.
Begin MonoManager ReloadAssembly
Symbol file LoadedFromMemory doesn't match image D:\Unity\game-jam-project\Game Jam Project\Library\PackageCache\com.unity.visualscripting@1.7.8\Editor\VisualScripting.Core\Dependencies\YamlDotNet\Unity.VisualScripting.YamlDotNet.dll
Symbol file LoadedFromMemory doesn't match image D:\Unity\game-jam-project\Game Jam Project\Library\PackageCache\com.unity.visualscripting@1.7.8\Editor\VisualScripting.Core\Dependencies\DotNetZip\Unity.VisualScripting.IonicZip.dll
Native extension for WindowsStandalone target not found
Refreshing native plugins compatible for Editor in 2.00 ms, found 4 plugins.
Preloading 0 native plugins for Editor in 0.00 ms.
Mono: successfully reloaded assembly
- Completed reload, in  1.061 seconds
Domain Reload Profiling:
	ReloadAssembly (1062ms)
		BeginReloadAssembly (139ms)
			ExecutionOrderSort (0ms)
			DisableScriptedObjects (6ms)
			BackupInstance (0ms)
			ReleaseScriptingObjects (0ms)
			CreateAndSetChildDomain (43ms)
		EndReloadAssembly (830ms)
			LoadAssemblies (90ms)
			RebuildTransferFunctionScriptingTraits (0ms)
			SetupTypeCache (259ms)
			ReleaseScriptCaches (2ms)
			RebuildScriptCaches (52ms)
			SetupLoadedEditorAssemblies (373ms)
				LogAssemblyErrors (0ms)
				InitializePlatformSupportModulesInManaged (14ms)
				SetLoadedEditorAssemblies (1ms)
				RefreshPlugins (2ms)
				BeforeProcessingInitializeOnLoad (85ms)
				ProcessInitializeOnLoadAttributes (218ms)
				ProcessInitializeOnLoadMethodAttributes (45ms)
				AfterProcessingInitializeOnLoad (8ms)
				EditorAssembliesLoaded (0ms)
			ExecutionOrderSort2 (0ms)
			AwakeInstancesAfterBackupRestoration (10ms)
Platform modules already initialized, skipping
Refreshing native plugins compatible for Editor in 3.97 ms, found 4 plugins.
Preloading 0 native plugins for Editor in 0.00 ms.
Unloading 4076 Unused Serialized files (Serialized files now loaded: 0)
Unloading 34 unused Assets / (196.7 KB). Loaded Objects now: 4569.
Memory consumption went from 175.6 MB to 175.4 MB.
Total: 4.236200 ms (FindLiveObjects: 0.447300 ms CreateObjectMapping: 0.098900 ms MarkObjects: 3.521300 ms  DeleteObjects: 0.166800 ms)

AssetImportParameters requested are different than current active one (requested -> active):
  custom:video-decoder-ogg-theora: a1e56fd34408186e4bbccfd4996cb3dc -> 
  custom:container-muxer-webm: aa71ff27fc2769a1b78a27578f13a17b -> 
  custom:container-demuxer-webm: 4f35f7cbe854078d1ac9338744f61a02 -> 
  custom:video-encoder-webm-vp8: eb34c28f22e8b96e1ab97ce403110664 -> 
  custom:audio-encoder-webm-vorbis: bf7c407c2cedff20999df2af8eb42d56 -> 
  custom:framework-win-MediaFoundation: 216162199b28c13a410421893ffa2e32 -> 
  custom:container-demuxer-ogg: 62fdf1f143b41e24485cea50d1cbac27 -> 
  custom:video-decoder-webm-vp8: 9c59270c3fd7afecdb556c50c9e8de78 -> 
  custom:audio-decoder-ogg-vorbis: bf7c407c2cedff20999df2af8eb42d56 -> 
========================================================================
Received Import Request.
  Time since last request: 350.711366 seconds.
  path: Assets/Victor/States/ElementStates/WaterState/Attack/2.png
  artifactKey: Guid(1e84550aaf232a940b357891c9aca663) Importer(815301076,1909f56bfc062723c751e8b465ee728b)
Start importing Assets/Victor/States/ElementStates/WaterState/Attack/2.png using Guid(1e84550aaf232a940b357891c9aca663) Importer(815301076,1909f56bfc062723c751e8b465ee728b)  -> (artifact id: '1d801cb40662ebdf0abbae26330d8e13') in 0.300325 seconds 
========================================================================
Received Import Request.
  Time since last request: 0.000026 seconds.
  path: Assets/Victor/States/ElementStates/WaterState/Attack/11.png
  artifactKey: Guid(7c3ba8fa040d8e04fb99813dba24a579) Importer(815301076,1909f56bfc062723c751e8b465ee728b)
Start importing Assets/Victor/States/ElementStates/WaterState/Attack/11.png using Guid(7c3ba8fa040d8e04fb99813dba24a579) Importer(815301076,1909f56bfc062723c751e8b465ee728b)  -> (artifact id: '71304301d1a962a7f70f1999bc3b9cb3') in 0.208005 seconds 
========================================================================
Received Import Request.
  Time since last request: 0.000058 seconds.
  path: Assets/Victor/States/ElementStates/WaterState/Attack/6.png
  artifactKey: Guid(374174664abd5f24f9dd1c55289fdfb5) Importer(815301076,1909f56bfc062723c751e8b465ee728b)
Start importing Assets/Victor/States/ElementStates/WaterState/Attack/6.png using Guid(374174664abd5f24f9dd1c55289fdfb5) Importer(815301076,1909f56bfc062723c751e8b465ee728b)  -> (artifact id: '85e20d0ab3cbd57e36d292ab3d813642') in 0.204664 seconds 
========================================================================
Received Import Request.
  Time since last request: 0.000082 seconds.
  path: Assets/Victor/States/ElementStates/WaterState/Attack/4.png
  artifactKey: Guid(95d2dee4e62daa443a70410e364ab24c) Importer(815301076,1909f56bfc062723c751e8b465ee728b)
Start importing Assets/Victor/States/ElementStates/WaterState/Attack/4.png using Guid(95d2dee4e62daa443a70410e364ab24c) Importer(815301076,1909f56bfc062723c751e8b465ee728b)  -> (artifact id: '93bcd7f7f4bbc5b2d21ee2f5cdfd53b3') in 0.202280 seconds 
========================================================================
Received Import Request.
  Time since last request: 0.000043 seconds.
  path: Assets/Victor/States/ElementStates/WaterState/Attack/5.png
  artifactKey: Guid(a19840c4bf15f444e99fa49e4f39ad1d) Importer(815301076,1909f56bfc062723c751e8b465ee728b)
Start importing Assets/Victor/States/ElementStates/WaterState/Attack/5.png using Guid(a19840c4bf15f444e99fa49e4f39ad1d) Importer(815301076,1909f56bfc062723c751e8b465ee728b)  -> (artifact id: '259c38c403a3ef7c00e4eaca143ba97f') in 0.222610 seconds 
Editor requested this worker to shutdown with reason: Scaling down because of idle timeout
AssetImportWorker is now disconnected from the server
Process exiting
Exiting without the bug reporter. Application will terminate with return code 0