Using pre-set license
Built from '2021.3/staging' branch; Version is '2021.3.13f1 (9e7d58001ecf) revision 10386776'; Using compiler version '192829333'; Build Type 'Release'
OS: 'Windows 10  (10.0.19045) 64bit Professional' Language: 'ru' Physical Memory: 16332 MB
BatchMode: 1, IsHumanControllingUs: 0, StartBugReporterOnCrash: 0, Is64bit: 1, IsPro: 1

COMMAND LINE ARGUMENTS:
D:\2021.3.13f1\Editor\Unity.exe
-adb2
-batchMode
-noUpm
-name
AssetImportWorker9
-projectPath
D:/Unity/game-jam-project/Game Jam Project
-logFile
Logs/AssetImportWorker9.log
-srvPort
50104
Successfully changed project path to: D:/Unity/game-jam-project/Game Jam Project
D:/Unity/game-jam-project/Game Jam Project
[UnityMemory] Configuration Parameters - Can be set up in boot.config
    "memorysetup-bucket-allocator-granularity=16"
    "memorysetup-bucket-allocator-bucket-count=8"
    "memorysetup-bucket-allocator-block-size=33554432"
    "memorysetup-bucket-allocator-block-count=8"
    "memorysetup-main-allocator-block-size=16777216"
    "memorysetup-thread-allocator-block-size=16777216"
    "memorysetup-gfx-main-allocator-block-size=16777216"
    "memorysetup-gfx-thread-allocator-block-size=16777216"
    "memorysetup-cache-allocator-block-size=4194304"
    "memorysetup-typetree-allocator-block-size=2097152"
    "memorysetup-profiler-bucket-allocator-granularity=16"
    "memorysetup-profiler-bucket-allocator-bucket-count=8"
    "memorysetup-profiler-bucket-allocator-block-size=33554432"
    "memorysetup-profiler-bucket-allocator-block-count=8"
    "memorysetup-profiler-allocator-block-size=16777216"
    "memorysetup-profiler-editor-allocator-block-size=1048576"
    "memorysetup-temp-allocator-size-main=16777216"
    "memorysetup-job-temp-allocator-block-size=2097152"
    "memorysetup-job-temp-allocator-block-size-background=1048576"
    "memorysetup-job-temp-allocator-reduction-small-platforms=262144"
    "memorysetup-temp-allocator-size-background-worker=32768"
    "memorysetup-temp-allocator-size-job-worker=262144"
    "memorysetup-temp-allocator-size-preload-manager=33554432"
    "memorysetup-temp-allocator-size-nav-mesh-worker=65536"
    "memorysetup-temp-allocator-size-audio-worker=65536"
    "memorysetup-temp-allocator-size-cloud-worker=32768"
    "memorysetup-temp-allocator-size-gi-baking-worker=262144"
    "memorysetup-temp-allocator-size-gfx=262144"
Refreshing native plugins compatible for Editor in 95.04 ms, found 4 plugins.
Preloading 0 native plugins for Editor in 0.00 ms.
Initialize engine version: 2021.3.13f1 (9e7d58001ecf)
[Subsystems] Discovering subsystems at path D:/2021.3.13f1/Editor/Data/Resources/UnitySubsystems
[Subsystems] Discovering subsystems at path D:/Unity/game-jam-project/Game Jam Project/Assets
GfxDevice: creating device client; threaded=0; jobified=0
Direct3D:
    Version:  Direct3D 11.0 [level 11.1]
    Renderer: NVIDIA GeForce RTX 2060 (ID=0x1f08)
    Vendor:   NVIDIA
    VRAM:     5968 MB
    Driver:   31.0.15.3742
Initialize mono
Mono path[0] = 'D:/2021.3.13f1/Editor/Data/Managed'
Mono path[1] = 'D:/2021.3.13f1/Editor/Data/MonoBleedingEdge/lib/mono/unityjit-win32'
Mono config path = 'D:/2021.3.13f1/Editor/Data/MonoBleedingEdge/etc'
Using monoOptions --debugger-agent=transport=dt_socket,embedding=1,server=y,suspend=n,address=127.0.0.1:56468
Begin MonoManager ReloadAssembly
Registering precompiled unity dll's ...
Register platform support module: D:/2021.3.13f1/Editor/Data/PlaybackEngines/WindowsStandaloneSupport/UnityEditor.WindowsStandalone.Extensions.dll
Registered in 0.002835 seconds.
Native extension for WindowsStandalone target not found
Refreshing native plugins compatible for Editor in 84.58 ms, found 4 plugins.
Preloading 0 native plugins for Editor in 0.00 ms.
Mono: successfully reloaded assembly
- Completed reload, in  0.540 seconds
Domain Reload Profiling:
	ReloadAssembly (541ms)
		BeginReloadAssembly (68ms)
			ExecutionOrderSort (0ms)
			DisableScriptedObjects (0ms)
			BackupInstance (0ms)
			ReleaseScriptingObjects (0ms)
			CreateAndSetChildDomain (1ms)
		EndReloadAssembly (382ms)
			LoadAssemblies (66ms)
			RebuildTransferFunctionScriptingTraits (0ms)
			SetupTypeCache (86ms)
			ReleaseScriptCaches (0ms)
			RebuildScriptCaches (23ms)
			SetupLoadedEditorAssemblies (231ms)
				LogAssemblyErrors (0ms)
				InitializePlatformSupportModulesInManaged (6ms)
				SetLoadedEditorAssemblies (0ms)
				RefreshPlugins (85ms)
				BeforeProcessingInitializeOnLoad (1ms)
				ProcessInitializeOnLoadAttributes (101ms)
				ProcessInitializeOnLoadMethodAttributes (38ms)
				AfterProcessingInitializeOnLoad (0ms)
				EditorAssembliesLoaded (0ms)
			ExecutionOrderSort2 (0ms)
			AwakeInstancesAfterBackupRestoration (0ms)
Platform modules already initialized, skipping
Registering precompiled user dll's ...
Registered in 0.007027 seconds.
Begin MonoManager ReloadAssembly
Symbol file LoadedFromMemory doesn't match image D:\Unity\game-jam-project\Game Jam Project\Library\PackageCache\com.unity.visualscripting@1.7.8\Editor\VisualScripting.Core\Dependencies\YamlDotNet\Unity.VisualScripting.YamlDotNet.dll
Symbol file LoadedFromMemory doesn't match image D:\Unity\game-jam-project\Game Jam Project\Library\PackageCache\com.unity.visualscripting@1.7.8\Editor\VisualScripting.Core\Dependencies\DotNetZip\Unity.VisualScripting.IonicZip.dll
Native extension for WindowsStandalone target not found
Refreshing native plugins compatible for Editor in 83.71 ms, found 4 plugins.
Preloading 0 native plugins for Editor in 0.00 ms.
Mono: successfully reloaded assembly
- Completed reload, in  1.018 seconds
Domain Reload Profiling:
	ReloadAssembly (1019ms)
		BeginReloadAssembly (93ms)
			ExecutionOrderSort (0ms)
			DisableScriptedObjects (5ms)
			BackupInstance (0ms)
			ReleaseScriptingObjects (0ms)
			CreateAndSetChildDomain (18ms)
		EndReloadAssembly (824ms)
			LoadAssemblies (92ms)
			RebuildTransferFunctionScriptingTraits (0ms)
			SetupTypeCache (212ms)
			ReleaseScriptCaches (1ms)
			RebuildScriptCaches (61ms)
			SetupLoadedEditorAssemblies (407ms)
				LogAssemblyErrors (0ms)
				InitializePlatformSupportModulesInManaged (3ms)
				SetLoadedEditorAssemblies (0ms)
				RefreshPlugins (84ms)
				BeforeProcessingInitializeOnLoad (84ms)
				ProcessInitializeOnLoadAttributes (193ms)
				ProcessInitializeOnLoadMethodAttributes (39ms)
				AfterProcessingInitializeOnLoad (5ms)
				EditorAssembliesLoaded (0ms)
			ExecutionOrderSort2 (0ms)
			AwakeInstancesAfterBackupRestoration (6ms)
Platform modules already initialized, skipping
========================================================================
Worker process is ready to serve import requests
Launched and connected shader compiler UnityShaderCompiler.exe after 0.04 seconds
Refreshing native plugins compatible for Editor in 0.95 ms, found 4 plugins.
Preloading 0 native plugins for Editor in 0.00 ms.
Unloading 4081 Unused Serialized files (Serialized files now loaded: 0)
Unloading 46 unused Assets / (203.8 KB). Loaded Objects now: 4559.
Memory consumption went from 171.2 MB to 171.0 MB.
Total: 3.681100 ms (FindLiveObjects: 0.371400 ms CreateObjectMapping: 0.112300 ms MarkObjects: 3.021900 ms  DeleteObjects: 0.174300 ms)

AssetImportParameters requested are different than current active one (requested -> active):
  custom:video-decoder-ogg-theora: a1e56fd34408186e4bbccfd4996cb3dc -> 
  custom:container-muxer-webm: aa71ff27fc2769a1b78a27578f13a17b -> 
  custom:container-demuxer-webm: 4f35f7cbe854078d1ac9338744f61a02 -> 
  custom:video-encoder-webm-vp8: eb34c28f22e8b96e1ab97ce403110664 -> 
  custom:audio-encoder-webm-vorbis: bf7c407c2cedff20999df2af8eb42d56 -> 
  custom:framework-win-MediaFoundation: 216162199b28c13a410421893ffa2e32 -> 
  custom:container-demuxer-ogg: 62fdf1f143b41e24485cea50d1cbac27 -> 
  custom:video-decoder-webm-vp8: 9c59270c3fd7afecdb556c50c9e8de78 -> 
  custom:audio-decoder-ogg-vorbis: bf7c407c2cedff20999df2af8eb42d56 -> 
========================================================================
Received Import Request.
  Time since last request: 363125.909541 seconds.
  path: Assets/Victor/States/ElementStates/AirState/Attack/Victor_wind_attack-9.png
  artifactKey: Guid(9ac6420ebb36dc84cbaeb6996e246663) Importer(815301076,1909f56bfc062723c751e8b465ee728b)
Start importing Assets/Victor/States/ElementStates/AirState/Attack/Victor_wind_attack-9.png using Guid(9ac6420ebb36dc84cbaeb6996e246663) Importer(815301076,1909f56bfc062723c751e8b465ee728b)  -> (artifact id: 'ea3ae4b78f973c885709b4baf46f8c31') in 0.351868 seconds 
========================================================================
Received Import Request.
  Time since last request: 0.000023 seconds.
  path: Assets/Victor/States/ElementStates/AirState/Attack/Victor_wind_attack-25.png
  artifactKey: Guid(d390c892add3b5e4bbfdb271b1a98841) Importer(815301076,1909f56bfc062723c751e8b465ee728b)
Start importing Assets/Victor/States/ElementStates/AirState/Attack/Victor_wind_attack-25.png using Guid(d390c892add3b5e4bbfdb271b1a98841) Importer(815301076,1909f56bfc062723c751e8b465ee728b)  -> (artifact id: 'c035f0165da17c766254e273eaf7ce9d') in 0.197361 seconds 
========================================================================
Received Import Request.
  Time since last request: 0.000029 seconds.
  path: Assets/Victor/States/ElementStates/AirState/Attack/Victor_wind_attack-18.png
  artifactKey: Guid(44d9f9f1d3eb07e4ebe5e7f8f1906e5c) Importer(815301076,1909f56bfc062723c751e8b465ee728b)
Start importing Assets/Victor/States/ElementStates/AirState/Attack/Victor_wind_attack-18.png using Guid(44d9f9f1d3eb07e4ebe5e7f8f1906e5c) Importer(815301076,1909f56bfc062723c751e8b465ee728b)  -> (artifact id: '4704d79c1f4e00931fc443cacf399db7') in 0.189528 seconds 
========================================================================
Received Import Request.
  Time since last request: 0.000020 seconds.
  path: Assets/Victor/States/ElementStates/AirState/Attack/Victor_wind_attack-12.png
  artifactKey: Guid(9d2f6621885902e47be2f9ab3b4bb39f) Importer(815301076,1909f56bfc062723c751e8b465ee728b)
Start importing Assets/Victor/States/ElementStates/AirState/Attack/Victor_wind_attack-12.png using Guid(9d2f6621885902e47be2f9ab3b4bb39f) Importer(815301076,1909f56bfc062723c751e8b465ee728b)  -> (artifact id: '9687009186c9e814bbc08c5d6a21ea53') in 0.181076 seconds 
========================================================================
Received Import Request.
  Time since last request: 0.000023 seconds.
  path: Assets/Victor/States/ElementStates/AirState/Attack/Victor_wind_attack-23.png
  artifactKey: Guid(e357e285a7011334081aac8d3fa5daec) Importer(815301076,1909f56bfc062723c751e8b465ee728b)
Start importing Assets/Victor/States/ElementStates/AirState/Attack/Victor_wind_attack-23.png using Guid(e357e285a7011334081aac8d3fa5daec) Importer(815301076,1909f56bfc062723c751e8b465ee728b)  -> (artifact id: '8e13c6d379d5ac710523e0370da89b1c') in 0.190691 seconds 
========================================================================
Received Import Request.
  Time since last request: 0.000032 seconds.
  path: Assets/Victor/States/ElementStates/AirState/Attack/Victor_wind_attack-22.png
  artifactKey: Guid(6c06478a7b10e3f49804d1274c913c74) Importer(815301076,1909f56bfc062723c751e8b465ee728b)
Start importing Assets/Victor/States/ElementStates/AirState/Attack/Victor_wind_attack-22.png using Guid(6c06478a7b10e3f49804d1274c913c74) Importer(815301076,1909f56bfc062723c751e8b465ee728b)  -> (artifact id: '736e813b5133911f8cd6ae681754d25c') in 0.183453 seconds 
========================================================================
Received Import Request.
  Time since last request: 58.768044 seconds.
  path: Assets/Victor/States/ElementStates/AirState/Attack/Victor_wind_attack-15.png
  artifactKey: Guid(4843aa6fbdc6e1a43ba9ae673d45d766) Importer(815301076,1909f56bfc062723c751e8b465ee728b)
Start importing Assets/Victor/States/ElementStates/AirState/Attack/Victor_wind_attack-15.png using Guid(4843aa6fbdc6e1a43ba9ae673d45d766) Importer(815301076,1909f56bfc062723c751e8b465ee728b)  -> (artifact id: '5d8d53e6418953952314684901f6f4b5') in 0.216417 seconds 
========================================================================
Received Import Request.
  Time since last request: 0.000032 seconds.
  path: Assets/Victor/States/ElementStates/AirState/Attack/Victor_wind_attack-25.png
  artifactKey: Guid(d390c892add3b5e4bbfdb271b1a98841) Importer(815301076,1909f56bfc062723c751e8b465ee728b)
Start importing Assets/Victor/States/ElementStates/AirState/Attack/Victor_wind_attack-25.png using Guid(d390c892add3b5e4bbfdb271b1a98841) Importer(815301076,1909f56bfc062723c751e8b465ee728b)  -> (artifact id: '24500cfcba09bc3ca157c1fd0430f174') in 0.222714 seconds 
========================================================================
Received Import Request.
  Time since last request: 0.000034 seconds.
  path: Assets/Victor/States/ElementStates/AirState/Attack/Victor_wind_attack-20.png
  artifactKey: Guid(0fc49c3ebcf3c454ebc5600871efcd9e) Importer(815301076,1909f56bfc062723c751e8b465ee728b)
Start importing Assets/Victor/States/ElementStates/AirState/Attack/Victor_wind_attack-20.png using Guid(0fc49c3ebcf3c454ebc5600871efcd9e) Importer(815301076,1909f56bfc062723c751e8b465ee728b)  -> (artifact id: '47645cec4b01dbbb2163b04ae5836a75') in 0.200608 seconds 
========================================================================
Received Import Request.
  Time since last request: 0.000032 seconds.
  path: Assets/Victor/States/ElementStates/AirState/Attack/Victor_wind_attack-22.png
  artifactKey: Guid(6c06478a7b10e3f49804d1274c913c74) Importer(815301076,1909f56bfc062723c751e8b465ee728b)
Start importing Assets/Victor/States/ElementStates/AirState/Attack/Victor_wind_attack-22.png using Guid(6c06478a7b10e3f49804d1274c913c74) Importer(815301076,1909f56bfc062723c751e8b465ee728b)  -> (artifact id: '7dbd9ab10f91a4d9644ebfa16fe36584') in 0.170499 seconds 
========================================================================
Received Import Request.
  Time since last request: 1.131532 seconds.
  path: Assets/Victor/States/ElementStates/AirState/Attack/Victor_wind_attack-12.png
  artifactKey: Guid(9d2f6621885902e47be2f9ab3b4bb39f) Importer(815301076,1909f56bfc062723c751e8b465ee728b)
Start importing Assets/Victor/States/ElementStates/AirState/Attack/Victor_wind_attack-12.png using Guid(9d2f6621885902e47be2f9ab3b4bb39f) Importer(815301076,1909f56bfc062723c751e8b465ee728b)  -> (artifact id: '2ddd10f4bbaac0b242b9f2d740106a9e') in 0.204308 seconds 
========================================================================
Received Import Request.
  Time since last request: 0.263059 seconds.
  path: Assets/Victor/States/ElementStates/AirState/Attack/Victor_wind_attack-8.png
  artifactKey: Guid(38e211a93f29eb446adbb5c55cb0a90f) Importer(815301076,1909f56bfc062723c751e8b465ee728b)
Start importing Assets/Victor/States/ElementStates/AirState/Attack/Victor_wind_attack-8.png using Guid(38e211a93f29eb446adbb5c55cb0a90f) Importer(815301076,1909f56bfc062723c751e8b465ee728b)  -> (artifact id: 'fab0ff534d6e13c98c93c53df36312ad') in 0.220349 seconds 
========================================================================
Received Import Request.
  Time since last request: 0.000036 seconds.
  path: Assets/Victor/States/ElementStates/AirState/Attack/Victor_wind_attack-3.png
  artifactKey: Guid(8739345a803995b44abe3920ca27c0ce) Importer(815301076,1909f56bfc062723c751e8b465ee728b)
Start importing Assets/Victor/States/ElementStates/AirState/Attack/Victor_wind_attack-3.png using Guid(8739345a803995b44abe3920ca27c0ce) Importer(815301076,1909f56bfc062723c751e8b465ee728b)  -> (artifact id: '6f5c21cea7e604db3a923d7db469ee83') in 0.183615 seconds 
========================================================================
Received Import Request.
  Time since last request: 0.000039 seconds.
  path: Assets/Victor/States/ElementStates/AirState/Attack/Victor_wind_attack-5.png
  artifactKey: Guid(8c2185fe7df520a4a93f6697531d5f63) Importer(815301076,1909f56bfc062723c751e8b465ee728b)
Start importing Assets/Victor/States/ElementStates/AirState/Attack/Victor_wind_attack-5.png using Guid(8c2185fe7df520a4a93f6697531d5f63) Importer(815301076,1909f56bfc062723c751e8b465ee728b)  -> (artifact id: '7d888179337b109e382ff4aa9ca514a4') in 0.177411 seconds 
========================================================================
Received Import Request.
  Time since last request: 628.890793 seconds.
  path: Assets/Victor/States/ElementStates/EarthState/Attack/0002.png
  artifactKey: Guid(54d64c8bbaea160418043d584f2bdc61) Importer(815301076,1909f56bfc062723c751e8b465ee728b)
Start importing Assets/Victor/States/ElementStates/EarthState/Attack/0002.png using Guid(54d64c8bbaea160418043d584f2bdc61) Importer(815301076,1909f56bfc062723c751e8b465ee728b)  -> (artifact id: '10805cf6060693501c0aacede40dd208') in 0.187097 seconds 
========================================================================
Received Import Request.
  Time since last request: 0.000045 seconds.
  path: Assets/Victor/States/ElementStates/EarthState/Attack/0011.png
  artifactKey: Guid(86e8b9da49d63f94da60462b82fdf506) Importer(815301076,1909f56bfc062723c751e8b465ee728b)
Start importing Assets/Victor/States/ElementStates/EarthState/Attack/0011.png using Guid(86e8b9da49d63f94da60462b82fdf506) Importer(815301076,1909f56bfc062723c751e8b465ee728b)  -> (artifact id: '18a56c4cc4cc7027ef4f44b19b12b918') in 0.122533 seconds 
========================================================================
Received Import Request.
  Time since last request: 0.000039 seconds.
  path: Assets/Victor/States/ElementStates/EarthState/Attack/0015.png
  artifactKey: Guid(efcaddc621e62de49bae423018d0853b) Importer(815301076,1909f56bfc062723c751e8b465ee728b)
Start importing Assets/Victor/States/ElementStates/EarthState/Attack/0015.png using Guid(efcaddc621e62de49bae423018d0853b) Importer(815301076,1909f56bfc062723c751e8b465ee728b)  -> (artifact id: 'a5f07aa1d6dbf77c58c3ffa529b39b9e') in 0.127993 seconds 
========================================================================
Received Import Request.
  Time since last request: 0.000024 seconds.
  path: Assets/Victor/States/ElementStates/EarthState/Attack/0006.png
  artifactKey: Guid(c7caffe811666fb4eb59cf2d34e4063e) Importer(815301076,1909f56bfc062723c751e8b465ee728b)
Start importing Assets/Victor/States/ElementStates/EarthState/Attack/0006.png using Guid(c7caffe811666fb4eb59cf2d34e4063e) Importer(815301076,1909f56bfc062723c751e8b465ee728b)  -> (artifact id: 'ef39d7a04ba803569ddb5f7e529ba195') in 0.134600 seconds 
========================================================================
Received Import Request.
  Time since last request: 0.000027 seconds.
  path: Assets/Victor/States/ElementStates/EarthState/Attack/0013.png
  artifactKey: Guid(c65f0638da1ffe6489027d887615822a) Importer(815301076,1909f56bfc062723c751e8b465ee728b)
Start importing Assets/Victor/States/ElementStates/EarthState/Attack/0013.png using Guid(c65f0638da1ffe6489027d887615822a) Importer(815301076,1909f56bfc062723c751e8b465ee728b)  -> (artifact id: '06be92a4a6988369eb3664861422d5fc') in 0.130696 seconds 
========================================================================
Received Import Request.
  Time since last request: 0.000041 seconds.
  path: Assets/Victor/States/ElementStates/EarthState/Attack/0009.png
  artifactKey: Guid(72529157cfcd9f04e82bc41811a9f5bb) Importer(815301076,1909f56bfc062723c751e8b465ee728b)
Start importing Assets/Victor/States/ElementStates/EarthState/Attack/0009.png using Guid(72529157cfcd9f04e82bc41811a9f5bb) Importer(815301076,1909f56bfc062723c751e8b465ee728b)  -> (artifact id: '3decf5b5565f13d2fc81a96ad54bb9b7') in 0.141723 seconds 
========================================================================
Received Import Request.
  Time since last request: 0.000034 seconds.
  path: Assets/Victor/States/ElementStates/EarthState/Attack/0007.png
  artifactKey: Guid(daeff5054ca18324fa57dc658c2c260b) Importer(815301076,1909f56bfc062723c751e8b465ee728b)
Start importing Assets/Victor/States/ElementStates/EarthState/Attack/0007.png using Guid(daeff5054ca18324fa57dc658c2c260b) Importer(815301076,1909f56bfc062723c751e8b465ee728b)  -> (artifact id: '09dd558fd3815dce4e35182867e6f0be') in 0.130348 seconds 
========================================================================
Received Import Request.
  Time since last request: 0.000025 seconds.
  path: Assets/Victor/States/ElementStates/EarthState/Attack/0016.png
  artifactKey: Guid(304dbc92408f09e4ab21b7b0d03346c6) Importer(815301076,1909f56bfc062723c751e8b465ee728b)
Start importing Assets/Victor/States/ElementStates/EarthState/Attack/0016.png using Guid(304dbc92408f09e4ab21b7b0d03346c6) Importer(815301076,1909f56bfc062723c751e8b465ee728b)  -> (artifact id: 'ca20d30c3809a81c6a5ed759a0e6b29e') in 0.131867 seconds 
========================================================================
Received Import Request.
  Time since last request: 0.000041 seconds.
  path: Assets/Victor/States/ElementStates/EarthState/Attack/0012.png
  artifactKey: Guid(03dcc517a5a6a4545b6716a35f609fa1) Importer(815301076,1909f56bfc062723c751e8b465ee728b)
Start importing Assets/Victor/States/ElementStates/EarthState/Attack/0012.png using Guid(03dcc517a5a6a4545b6716a35f609fa1) Importer(815301076,1909f56bfc062723c751e8b465ee728b)  -> (artifact id: '657b43fcf492668a31293860156f8525') in 0.114747 seconds 
========================================================================
Received Import Request.
  Time since last request: 33.955233 seconds.
  path: Assets/Victor/States/ElementStates/EarthState/Attack/0020.png
  artifactKey: Guid(ae0568e676901db4992273491950e420) Importer(815301076,1909f56bfc062723c751e8b465ee728b)
Start importing Assets/Victor/States/ElementStates/EarthState/Attack/0020.png using Guid(ae0568e676901db4992273491950e420) Importer(815301076,1909f56bfc062723c751e8b465ee728b)  -> (artifact id: '9ce47307915d01f651c74474ec0f0c00') in 0.205792 seconds 
========================================================================
Received Import Request.
  Time since last request: 0.000035 seconds.
  path: Assets/Victor/States/ElementStates/EarthState/Attack/0022.png
  artifactKey: Guid(39b3438441797b54da038b8e51f27c9b) Importer(815301076,1909f56bfc062723c751e8b465ee728b)
Start importing Assets/Victor/States/ElementStates/EarthState/Attack/0022.png using Guid(39b3438441797b54da038b8e51f27c9b) Importer(815301076,1909f56bfc062723c751e8b465ee728b)  -> (artifact id: '88e4f4accc421fc961577050cd1348cd') in 0.158555 seconds 
========================================================================
Received Import Request.
  Time since last request: 0.000037 seconds.
  path: Assets/Victor/States/ElementStates/EarthState/Attack/0036.png
  artifactKey: Guid(21538ce3907360f40a4277e4ed453b88) Importer(815301076,1909f56bfc062723c751e8b465ee728b)
Start importing Assets/Victor/States/ElementStates/EarthState/Attack/0036.png using Guid(21538ce3907360f40a4277e4ed453b88) Importer(815301076,1909f56bfc062723c751e8b465ee728b)  -> (artifact id: 'e0cbb1c31d019be3d537af7469c05a48') in 0.126414 seconds 
========================================================================
Received Import Request.
  Time since last request: 0.000050 seconds.
  path: Assets/Victor/States/ElementStates/EarthState/Attack/0037.png
  artifactKey: Guid(38d5e45a93eff9c41bedd7f18db86aae) Importer(815301076,1909f56bfc062723c751e8b465ee728b)
Start importing Assets/Victor/States/ElementStates/EarthState/Attack/0037.png using Guid(38d5e45a93eff9c41bedd7f18db86aae) Importer(815301076,1909f56bfc062723c751e8b465ee728b)  -> (artifact id: '815f9a5c2026a4d29dabc0d99b3fee53') in 0.131208 seconds 
========================================================================
Received Import Request.
  Time since last request: 0.000037 seconds.
  path: Assets/Victor/States/ElementStates/EarthState/Attack/0032.png
  artifactKey: Guid(6bf4ae0a2708bf647bb9a18f19e1066c) Importer(815301076,1909f56bfc062723c751e8b465ee728b)
Start importing Assets/Victor/States/ElementStates/EarthState/Attack/0032.png using Guid(6bf4ae0a2708bf647bb9a18f19e1066c) Importer(815301076,1909f56bfc062723c751e8b465ee728b)  -> (artifact id: '0c6a2088418e3520c5e61f539d8d2551') in 0.123432 seconds 
========================================================================
Received Import Request.
  Time since last request: 0.000028 seconds.
  path: Assets/Victor/States/ElementStates/EarthState/Attack/0030.png
  artifactKey: Guid(c701075c9c54ca343858bf8093aa2a80) Importer(815301076,1909f56bfc062723c751e8b465ee728b)
Start importing Assets/Victor/States/ElementStates/EarthState/Attack/0030.png using Guid(c701075c9c54ca343858bf8093aa2a80) Importer(815301076,1909f56bfc062723c751e8b465ee728b)  -> (artifact id: '027ff81c2c56a9ecfebe35f19dc10171') in 0.128582 seconds 
========================================================================
Received Import Request.
  Time since last request: 0.000023 seconds.
  path: Assets/Victor/States/ElementStates/EarthState/Attack/0043.png
  artifactKey: Guid(0a1c0a476c6944b48b1664292af10253) Importer(815301076,1909f56bfc062723c751e8b465ee728b)
Start importing Assets/Victor/States/ElementStates/EarthState/Attack/0043.png using Guid(0a1c0a476c6944b48b1664292af10253) Importer(815301076,1909f56bfc062723c751e8b465ee728b)  -> (artifact id: '658a73a7d41bc309c3a072fe6670df87') in 0.122514 seconds 
========================================================================
Received Import Request.
  Time since last request: 0.000029 seconds.
  path: Assets/Victor/States/ElementStates/EarthState/Attack/0033.png
  artifactKey: Guid(5cab3f699c0358e47a1a64749e961e0d) Importer(815301076,1909f56bfc062723c751e8b465ee728b)
Start importing Assets/Victor/States/ElementStates/EarthState/Attack/0033.png using Guid(5cab3f699c0358e47a1a64749e961e0d) Importer(815301076,1909f56bfc062723c751e8b465ee728b)  -> (artifact id: '9824efd801caec9ae4e481f8684a475f') in 0.129484 seconds 
========================================================================
Received Import Request.
  Time since last request: 0.000030 seconds.
  path: Assets/Victor/States/ElementStates/EarthState/Attack/0040.png
  artifactKey: Guid(54d822cae8d9f0b40bedaecb44bff062) Importer(815301076,1909f56bfc062723c751e8b465ee728b)
Start importing Assets/Victor/States/ElementStates/EarthState/Attack/0040.png using Guid(54d822cae8d9f0b40bedaecb44bff062) Importer(815301076,1909f56bfc062723c751e8b465ee728b)  -> (artifact id: '8303e274b3db1cbe2aeae6436add789e') in 0.132718 seconds 
========================================================================
Received Import Request.
  Time since last request: 45.399650 seconds.
  path: Assets/Victor/States/ElementStates/EarthState/Attack/0048.png
  artifactKey: Guid(342f0697eb47f984e8a5c49a2f9fdc99) Importer(815301076,1909f56bfc062723c751e8b465ee728b)
Start importing Assets/Victor/States/ElementStates/EarthState/Attack/0048.png using Guid(342f0697eb47f984e8a5c49a2f9fdc99) Importer(815301076,1909f56bfc062723c751e8b465ee728b)  -> (artifact id: '239b0f81007281f3378ca3c2a1a829ef') in 0.185221 seconds 
========================================================================
Received Import Request.
  Time since last request: 0.000027 seconds.
  path: Assets/Victor/States/ElementStates/EarthState/Attack/0057.png
  artifactKey: Guid(da8a5d61a81c66240b56d847902e01a3) Importer(815301076,1909f56bfc062723c751e8b465ee728b)
Start importing Assets/Victor/States/ElementStates/EarthState/Attack/0057.png using Guid(da8a5d61a81c66240b56d847902e01a3) Importer(815301076,1909f56bfc062723c751e8b465ee728b)  -> (artifact id: '086c9431027364b6203e8adb89f849f8') in 0.150122 seconds 
========================================================================
Received Import Request.
  Time since last request: 0.000027 seconds.
  path: Assets/Victor/States/ElementStates/EarthState/Attack/0058.png
  artifactKey: Guid(b7bff81d272721549b0d983e04710d60) Importer(815301076,1909f56bfc062723c751e8b465ee728b)
Start importing Assets/Victor/States/ElementStates/EarthState/Attack/0058.png using Guid(b7bff81d272721549b0d983e04710d60) Importer(815301076,1909f56bfc062723c751e8b465ee728b)  -> (artifact id: '4e5198a74bb7b9444e1432b860bc71d4') in 0.129962 seconds 
========================================================================
Received Import Request.
  Time since last request: 0.000025 seconds.
  path: Assets/Victor/States/ElementStates/EarthState/Attack/0049.png
  artifactKey: Guid(3c2e43d9f0105364da9bea92e0cb0e0e) Importer(815301076,1909f56bfc062723c751e8b465ee728b)
Start importing Assets/Victor/States/ElementStates/EarthState/Attack/0049.png using Guid(3c2e43d9f0105364da9bea92e0cb0e0e) Importer(815301076,1909f56bfc062723c751e8b465ee728b)  -> (artifact id: 'a5a69bd0b7812967c63a02cc9f38665e') in 0.128852 seconds 
========================================================================
Received Import Request.
  Time since last request: 0.000029 seconds.
  path: Assets/Victor/States/ElementStates/EarthState/Attack/0055.png
  artifactKey: Guid(f19d0d9ab7e33b34ba5a09e59e29828f) Importer(815301076,1909f56bfc062723c751e8b465ee728b)
Start importing Assets/Victor/States/ElementStates/EarthState/Attack/0055.png using Guid(f19d0d9ab7e33b34ba5a09e59e29828f) Importer(815301076,1909f56bfc062723c751e8b465ee728b)  -> (artifact id: '84dcbe0371ac9964da390fa28b7e16ff') in 0.120208 seconds 
========================================================================
Received Import Request.
  Time since last request: 0.000034 seconds.
  path: Assets/Victor/States/ElementStates/EarthState/Attack/0054.png
  artifactKey: Guid(c285133b170e3884c9ad3c658c37f398) Importer(815301076,1909f56bfc062723c751e8b465ee728b)
Start importing Assets/Victor/States/ElementStates/EarthState/Attack/0054.png using Guid(c285133b170e3884c9ad3c658c37f398) Importer(815301076,1909f56bfc062723c751e8b465ee728b)  -> (artifact id: 'a8766f02cc3d9d7a8f75bddedc09d2fa') in 0.121125 seconds 
========================================================================
Received Import Request.
  Time since last request: 26.012938 seconds.
  path: Assets/Victor/States/ElementStates/EarthState/Attack/0054.png
  artifactKey: Guid(c285133b170e3884c9ad3c658c37f398) Importer(815301076,1909f56bfc062723c751e8b465ee728b)
Start importing Assets/Victor/States/ElementStates/EarthState/Attack/0054.png using Guid(c285133b170e3884c9ad3c658c37f398) Importer(815301076,1909f56bfc062723c751e8b465ee728b)  -> (artifact id: 'dec7be949c781a1093aa42888f8a9c45') in 0.237474 seconds 
========================================================================
Received Import Request.
  Time since last request: 0.000032 seconds.
  path: Assets/Victor/States/ElementStates/EarthState/Attack/0062.png
  artifactKey: Guid(a6d3a8f5397d861498f55d80b82dcef9) Importer(815301076,1909f56bfc062723c751e8b465ee728b)
Start importing Assets/Victor/States/ElementStates/EarthState/Attack/0062.png using Guid(a6d3a8f5397d861498f55d80b82dcef9) Importer(815301076,1909f56bfc062723c751e8b465ee728b)  -> (artifact id: 'c8d460b15cad3bca139d59174fc98d7c') in 0.121005 seconds 
========================================================================
Received Import Request.
  Time since last request: 0.000034 seconds.
  path: Assets/Victor/States/ElementStates/EarthState/Attack/0056.png
  artifactKey: Guid(28f69eb40a72bb944ae077c0be8d144f) Importer(815301076,1909f56bfc062723c751e8b465ee728b)
Start importing Assets/Victor/States/ElementStates/EarthState/Attack/0056.png using Guid(28f69eb40a72bb944ae077c0be8d144f) Importer(815301076,1909f56bfc062723c751e8b465ee728b)  -> (artifact id: '0f7f707768c09e9b3a3dfd11c21bec44') in 0.121610 seconds 
========================================================================
Received Import Request.
  Time since last request: 10.130994 seconds.
  path: Assets/Victor/States/ElementStates/EarthState/Attack/0051.png
  artifactKey: Guid(b4c184fb2525bd94a812cb6df974bda4) Importer(815301076,1909f56bfc062723c751e8b465ee728b)
Start importing Assets/Victor/States/ElementStates/EarthState/Attack/0051.png using Guid(b4c184fb2525bd94a812cb6df974bda4) Importer(815301076,1909f56bfc062723c751e8b465ee728b)  -> (artifact id: '1e0671c00e6a0ad37ebc7555079b97f5') in 0.238442 seconds 
========================================================================
Received Import Request.
  Time since last request: 0.000028 seconds.
  path: Assets/Victor/States/ElementStates/EarthState/Attack/0037.png
  artifactKey: Guid(38d5e45a93eff9c41bedd7f18db86aae) Importer(815301076,1909f56bfc062723c751e8b465ee728b)
Start importing Assets/Victor/States/ElementStates/EarthState/Attack/0037.png using Guid(38d5e45a93eff9c41bedd7f18db86aae) Importer(815301076,1909f56bfc062723c751e8b465ee728b)  -> (artifact id: '0f8e29bd2310cf359ab4b1ec71f6cd91') in 0.157630 seconds 
========================================================================
Received Import Request.
  Time since last request: 0.000029 seconds.
  path: Assets/Victor/States/ElementStates/EarthState/Attack/0036.png
  artifactKey: Guid(21538ce3907360f40a4277e4ed453b88) Importer(815301076,1909f56bfc062723c751e8b465ee728b)
Start importing Assets/Victor/States/ElementStates/EarthState/Attack/0036.png using Guid(21538ce3907360f40a4277e4ed453b88) Importer(815301076,1909f56bfc062723c751e8b465ee728b)  -> (artifact id: '448895bdd5fb2afda6554e20b058d9a3') in 0.128167 seconds 
========================================================================
Received Import Request.
  Time since last request: 0.000046 seconds.
  path: Assets/Victor/States/ElementStates/EarthState/Attack/0035.png
  artifactKey: Guid(d1cea74aa0d9e7247aba57f429e6aa62) Importer(815301076,1909f56bfc062723c751e8b465ee728b)
Start importing Assets/Victor/States/ElementStates/EarthState/Attack/0035.png using Guid(d1cea74aa0d9e7247aba57f429e6aa62) Importer(815301076,1909f56bfc062723c751e8b465ee728b)  -> (artifact id: '19ef8baa0deacff9e2b40aab1069141a') in 0.134175 seconds 
========================================================================
Received Import Request.
  Time since last request: 0.000021 seconds.
  path: Assets/Victor/States/ElementStates/EarthState/Attack/0052.png
  artifactKey: Guid(e7b0052111089e346b73c855566f2866) Importer(815301076,1909f56bfc062723c751e8b465ee728b)
Start importing Assets/Victor/States/ElementStates/EarthState/Attack/0052.png using Guid(e7b0052111089e346b73c855566f2866) Importer(815301076,1909f56bfc062723c751e8b465ee728b)  -> (artifact id: '0438f3bf3a93af25d0936653d274fec2') in 0.121264 seconds 
========================================================================
Received Import Request.
  Time since last request: 0.000040 seconds.
  path: Assets/Victor/States/ElementStates/EarthState/Attack/0025.png
  artifactKey: Guid(b133c5ba96b758341b9511bd467fdea6) Importer(815301076,1909f56bfc062723c751e8b465ee728b)
Start importing Assets/Victor/States/ElementStates/EarthState/Attack/0025.png using Guid(b133c5ba96b758341b9511bd467fdea6) Importer(815301076,1909f56bfc062723c751e8b465ee728b)  -> (artifact id: 'e2f20ec0f41f0bc3300c43bbcaed7c27') in 0.120398 seconds 
========================================================================
Received Import Request.
  Time since last request: 0.000018 seconds.
  path: Assets/Victor/States/ElementStates/EarthState/Attack/0029.png
  artifactKey: Guid(f02c9a981831c584fa43e464557c4d89) Importer(815301076,1909f56bfc062723c751e8b465ee728b)
Start importing Assets/Victor/States/ElementStates/EarthState/Attack/0029.png using Guid(f02c9a981831c584fa43e464557c4d89) Importer(815301076,1909f56bfc062723c751e8b465ee728b)  -> (artifact id: '866a14a8a9652a9e8a5dc62119389b8b') in 0.120245 seconds 
========================================================================
Received Import Request.
  Time since last request: 0.000028 seconds.
  path: Assets/Victor/States/ElementStates/EarthState/Attack/0033.png
  artifactKey: Guid(5cab3f699c0358e47a1a64749e961e0d) Importer(815301076,1909f56bfc062723c751e8b465ee728b)
Start importing Assets/Victor/States/ElementStates/EarthState/Attack/0033.png using Guid(5cab3f699c0358e47a1a64749e961e0d) Importer(815301076,1909f56bfc062723c751e8b465ee728b)  -> (artifact id: 'e571ab9e29662d1c93e9899ef21de0f1') in 0.122248 seconds 
========================================================================
Received Import Request.
  Time since last request: 0.000027 seconds.
  path: Assets/Victor/States/ElementStates/EarthState/Attack/0045.png
  artifactKey: Guid(a001ec933bc3d354ea1b28ad4d624550) Importer(815301076,1909f56bfc062723c751e8b465ee728b)
Start importing Assets/Victor/States/ElementStates/EarthState/Attack/0045.png using Guid(a001ec933bc3d354ea1b28ad4d624550) Importer(815301076,1909f56bfc062723c751e8b465ee728b)  -> (artifact id: '2f8d2c3e8344b215b925686861596aa7') in 0.119697 seconds 
========================================================================
Received Import Request.
  Time since last request: 0.340312 seconds.
  path: Assets/Victor/States/ElementStates/EarthState/Attack/0019.png
  artifactKey: Guid(b93f17f4619dcea46937437f7d244462) Importer(815301076,1909f56bfc062723c751e8b465ee728b)
Start importing Assets/Victor/States/ElementStates/EarthState/Attack/0019.png using Guid(b93f17f4619dcea46937437f7d244462) Importer(815301076,1909f56bfc062723c751e8b465ee728b)  -> (artifact id: '8c261c504f9d7dda2a3e4673cf108748') in 0.144953 seconds 
========================================================================
Received Import Request.
  Time since last request: 0.000039 seconds.
  path: Assets/Victor/States/ElementStates/EarthState/Attack/0022.png
  artifactKey: Guid(39b3438441797b54da038b8e51f27c9b) Importer(815301076,1909f56bfc062723c751e8b465ee728b)
Start importing Assets/Victor/States/ElementStates/EarthState/Attack/0022.png using Guid(39b3438441797b54da038b8e51f27c9b) Importer(815301076,1909f56bfc062723c751e8b465ee728b)  -> (artifact id: '1a15260502ac68d980f988d17cdc0e6c') in 0.129967 seconds 
========================================================================
Received Import Request.
  Time since last request: 0.000039 seconds.
  path: Assets/Victor/States/ElementStates/EarthState/Attack/0010.png
  artifactKey: Guid(d52bb7662a94a3d4db9cad108c639b57) Importer(815301076,1909f56bfc062723c751e8b465ee728b)
Start importing Assets/Victor/States/ElementStates/EarthState/Attack/0010.png using Guid(d52bb7662a94a3d4db9cad108c639b57) Importer(815301076,1909f56bfc062723c751e8b465ee728b)  -> (artifact id: 'cd1e02ec55af850f22aab5d863200ec1') in 0.134994 seconds 
========================================================================
Received Import Request.
  Time since last request: 0.000026 seconds.
  path: Assets/Victor/States/ElementStates/EarthState/Attack/0008.png
  artifactKey: Guid(c1c5e98ef66b9064ebde60f87b013e39) Importer(815301076,1909f56bfc062723c751e8b465ee728b)
Start importing Assets/Victor/States/ElementStates/EarthState/Attack/0008.png using Guid(c1c5e98ef66b9064ebde60f87b013e39) Importer(815301076,1909f56bfc062723c751e8b465ee728b)  -> (artifact id: 'dbe0f1c26eebfd379eaef7737219a39e') in 0.130271 seconds 
========================================================================
Received Import Request.
  Time since last request: 0.000027 seconds.
  path: Assets/Victor/States/ElementStates/EarthState/Attack/0005.png
  artifactKey: Guid(37728180fdc204042ab3cd1c6f6caaac) Importer(815301076,1909f56bfc062723c751e8b465ee728b)
Start importing Assets/Victor/States/ElementStates/EarthState/Attack/0005.png using Guid(37728180fdc204042ab3cd1c6f6caaac) Importer(815301076,1909f56bfc062723c751e8b465ee728b)  -> (artifact id: 'ed7d35c7fd1f38afd86bffa75b96f995') in 0.119857 seconds 
========================================================================
Received Import Request.
  Time since last request: 0.000044 seconds.
  path: Assets/Victor/States/ElementStates/EarthState/Attack/0014.png
  artifactKey: Guid(fabd4ea730081a446a7776761eaa065f) Importer(815301076,1909f56bfc062723c751e8b465ee728b)
Start importing Assets/Victor/States/ElementStates/EarthState/Attack/0014.png using Guid(fabd4ea730081a446a7776761eaa065f) Importer(815301076,1909f56bfc062723c751e8b465ee728b)  -> (artifact id: '1bb04926cbe28e8b83c0981116dcad54') in 0.125890 seconds 
========================================================================
Received Import Request.
  Time since last request: 0.000022 seconds.
  path: Assets/Victor/States/ElementStates/EarthState/Attack/0016.png
  artifactKey: Guid(304dbc92408f09e4ab21b7b0d03346c6) Importer(815301076,1909f56bfc062723c751e8b465ee728b)
Start importing Assets/Victor/States/ElementStates/EarthState/Attack/0016.png using Guid(304dbc92408f09e4ab21b7b0d03346c6) Importer(815301076,1909f56bfc062723c751e8b465ee728b)  -> (artifact id: 'c57ec12359bbb870ed7352994e3d96ed') in 0.118889 seconds 
========================================================================
Received Import Request.
  Time since last request: 0.000022 seconds.
  path: Assets/Victor/States/ElementStates/EarthState/Attack/0023.png
  artifactKey: Guid(a3745812c975dc84a8162f4ef4f71591) Importer(815301076,1909f56bfc062723c751e8b465ee728b)
Start importing Assets/Victor/States/ElementStates/EarthState/Attack/0023.png using Guid(a3745812c975dc84a8162f4ef4f71591) Importer(815301076,1909f56bfc062723c751e8b465ee728b)  -> (artifact id: '2bcf7ff05f6972ad385c57695d9f7ea7') in 0.128109 seconds 
========================================================================
Received Prepare
Registering precompiled user dll's ...
Registered in 0.007271 seconds.
Begin MonoManager ReloadAssembly
Symbol file LoadedFromMemory doesn't match image D:\Unity\game-jam-project\Game Jam Project\Library\PackageCache\com.unity.visualscripting@1.7.8\Editor\VisualScripting.Core\Dependencies\YamlDotNet\Unity.VisualScripting.YamlDotNet.dll
Symbol file LoadedFromMemory doesn't match image D:\Unity\game-jam-project\Game Jam Project\Library\PackageCache\com.unity.visualscripting@1.7.8\Editor\VisualScripting.Core\Dependencies\DotNetZip\Unity.VisualScripting.IonicZip.dll
Native extension for WindowsStandalone target not found
Refreshing native plugins compatible for Editor in 0.92 ms, found 4 plugins.
Preloading 0 native plugins for Editor in 0.00 ms.
Mono: successfully reloaded assembly
- Completed reload, in  1.010 seconds
Domain Reload Profiling:
	ReloadAssembly (1011ms)
		BeginReloadAssembly (129ms)
			ExecutionOrderSort (0ms)
			DisableScriptedObjects (6ms)
			BackupInstance (0ms)
			ReleaseScriptingObjects (0ms)
			CreateAndSetChildDomain (38ms)
		EndReloadAssembly (787ms)
			LoadAssemblies (87ms)
			RebuildTransferFunctionScriptingTraits (0ms)
			SetupTypeCache (246ms)
			ReleaseScriptCaches (2ms)
			RebuildScriptCaches (49ms)
			SetupLoadedEditorAssemblies (348ms)
				LogAssemblyErrors (0ms)
				InitializePlatformSupportModulesInManaged (12ms)
				SetLoadedEditorAssemblies (0ms)
				RefreshPlugins (1ms)
				BeforeProcessingInitializeOnLoad (79ms)
				ProcessInitializeOnLoadAttributes (207ms)
				ProcessInitializeOnLoadMethodAttributes (42ms)
				AfterProcessingInitializeOnLoad (7ms)
				EditorAssembliesLoaded (0ms)
			ExecutionOrderSort2 (0ms)
			AwakeInstancesAfterBackupRestoration (12ms)
Platform modules already initialized, skipping
Refreshing native plugins compatible for Editor in 3.71 ms, found 4 plugins.
Preloading 0 native plugins for Editor in 0.00 ms.
Unloading 4076 Unused Serialized files (Serialized files now loaded: 0)
Unloading 34 unused Assets / (196.8 KB). Loaded Objects now: 4572.
Memory consumption went from 175.6 MB to 175.4 MB.
Total: 4.503900 ms (FindLiveObjects: 0.540300 ms CreateObjectMapping: 0.122800 ms MarkObjects: 3.486400 ms  DeleteObjects: 0.353200 ms)

AssetImportParameters requested are different than current active one (requested -> active):
  custom:video-decoder-ogg-theora: a1e56fd34408186e4bbccfd4996cb3dc -> 
  custom:container-muxer-webm: aa71ff27fc2769a1b78a27578f13a17b -> 
  custom:container-demuxer-webm: 4f35f7cbe854078d1ac9338744f61a02 -> 
  custom:video-encoder-webm-vp8: eb34c28f22e8b96e1ab97ce403110664 -> 
  custom:audio-encoder-webm-vorbis: bf7c407c2cedff20999df2af8eb42d56 -> 
  custom:framework-win-MediaFoundation: 216162199b28c13a410421893ffa2e32 -> 
  custom:container-demuxer-ogg: 62fdf1f143b41e24485cea50d1cbac27 -> 
  custom:video-decoder-webm-vp8: 9c59270c3fd7afecdb556c50c9e8de78 -> 
  custom:audio-decoder-ogg-vorbis: bf7c407c2cedff20999df2af8eb42d56 -> 
========================================================================
Received Prepare
Refreshing native plugins compatible for Editor in 4.79 ms, found 4 plugins.
Preloading 0 native plugins for Editor in 0.00 ms.
Unloading 34 Unused Serialized files (Serialized files now loaded: 0)
Unloading 34 unused Assets / (194.3 KB). Loaded Objects now: 4572.
Memory consumption went from 94.8 MB to 94.6 MB.
Total: 3.700200 ms (FindLiveObjects: 0.365200 ms CreateObjectMapping: 0.099500 ms MarkObjects: 3.069600 ms  DeleteObjects: 0.165000 ms)

AssetImportParameters requested are different than current active one (requested -> active):
  custom:video-decoder-ogg-theora: a1e56fd34408186e4bbccfd4996cb3dc -> 
  custom:container-muxer-webm: aa71ff27fc2769a1b78a27578f13a17b -> 
  custom:container-demuxer-webm: 4f35f7cbe854078d1ac9338744f61a02 -> 
  custom:video-encoder-webm-vp8: eb34c28f22e8b96e1ab97ce403110664 -> 
  custom:audio-encoder-webm-vorbis: bf7c407c2cedff20999df2af8eb42d56 -> 
  custom:framework-win-MediaFoundation: 216162199b28c13a410421893ffa2e32 -> 
  custom:container-demuxer-ogg: 62fdf1f143b41e24485cea50d1cbac27 -> 
  custom:video-decoder-webm-vp8: 9c59270c3fd7afecdb556c50c9e8de78 -> 
  custom:audio-decoder-ogg-vorbis: bf7c407c2cedff20999df2af8eb42d56 -> 
